#
# There is insufficient memory for the Java Runtime Environment to continue.
# Native memory allocation (malloc) failed to allocate 1048576 bytes for AllocateHeap
# Possible reasons:
#   The system is out of physical RAM or swap space
#   The process is running with CompressedOops enabled, and the Java Heap may be blocking the growth of the native heap
# Possible solutions:
#   Reduce memory load on the system
#   Increase physical memory or swap space
#   Check if swap backing store is full
#   Decrease Java heap size (-Xmx/-Xms)
#   Decrease number of Java threads
#   Decrease Java thread stack sizes (-Xss)
#   Set larger code cache with -XX:ReservedCodeCacheSize=
#   JVM is running with Unscaled Compressed Oops mode in which the Java heap is
#     placed in the first 4GB address space. The Java Heap base address is the
#     maximum limit for the native heap growth. Please use -XX:HeapBaseMinAddress
#     to set the Java Heap base and to place the Java Heap above 4GB virtual address.
# This output file may be truncated or incomplete.
#
#  Out of Memory Error (./open/src/hotspot/share/memory/allocation.cpp:44), pid=17328, tid=8760
#
# JRE version: Java(TM) SE Runtime Environment (15.0.2+7) (build 15.0.2+7-27)
# Java VM: Java HotSpot(TM) 64-Bit Server VM (15.0.2+7-27, mixed mode, tiered, compressed oops, g1 gc, windows-amd64)
# No core dump will be written. Minidumps are not enabled by default on client versions of Windows
#

---------------  S U M M A R Y ------------

Command Line: -Dfile.encoding=Cp1252 -XX:+ShowCodeDetailsInExceptionMessages queue.queue_game

Host: Intel(R) Core(TM) i5-8250U CPU @ 1.60GHz, 8 cores, 7G,  Windows 10 , 64 bit Build 19041 (10.0.19041.1806)
Time: Mon Jul 18 11:20:07 2022 India Standard Time elapsed time: 0.193469 seconds (0d 0h 0m 0s)

---------------  T H R E A D  ---------------

Current thread (0x0000020a476a7110):  VMThread "VM Thread" [stack: 0x00000054f1000000,0x00000054f1100000] [id=8760]

Stack: [0x00000054f1000000,0x00000054f1100000]
[error occurred during error reporting (printing stack bounds), id 0xc0000005, EXCEPTION_ACCESS_VIOLATION (0xc0000005) at pc=0x0000020a30db10ad]

Native frames: (J=compiled Java code, j=interpreted, Vv=VM code, C=native code)
V  [jvm.dll+0x62ae9a]
V  [jvm.dll+0x7817a9]
V  [jvm.dll+0x782f03]
V  [jvm.dll+0x7834c5]
V  [jvm.dll+0x78347b]
V  [jvm.dll+0x62a2b9]
V  [jvm.dll+0x62aa88]
C  [ntdll.dll+0xa229f]
C  [ntdll.dll+0x51454]
C  [ntdll.dll+0xa0dce]
C  0x0000020a30db10ad

VM_Operation (0x00000054f0afbfe0): CollectForMetadataAllocation, mode: safepoint, requested by thread 0x0000020a28b6f2b0


---------------  P R O C E S S  ---------------

Threads class SMR info:
_java_thread_list=0x0000020a48478ec0, length=11, elements={
0x0000020a28b6f2b0, 0x0000020a476c23a0, 0x0000020a482f5020, 0x0000020a48314440,
0x0000020a48316f00, 0x0000020a483179b0, 0x0000020a48318840, 0x0000020a4831d8f0,
0x0000020a4832b600, 0x0000020a4848f810, 0x0000020a484a3fe0
}

Java Threads: ( => current thread )
  0x0000020a28b6f2b0 JavaThread "main" [_thread_blocked, id=7792, stack(0x00000054f0a00000,0x00000054f0b00000)]
  0x0000020a476c23a0 JavaThread "Reference Handler" daemon [_thread_blocked, id=15972, stack(0x00000054f1100000,0x00000054f1200000)]
  0x0000020a482f5020 JavaThread "Finalizer" daemon [_thread_blocked, id=15096, stack(0x00000054f1200000,0x00000054f1300000)]
  0x0000020a48314440 JavaThread "Signal Dispatcher" daemon [_thread_blocked, id=1496, stack(0x00000054f1300000,0x00000054f1400000)]
  0x0000020a48316f00 JavaThread "Attach Listener" daemon [_thread_blocked, id=10676, stack(0x00000054f1400000,0x00000054f1500000)]
  0x0000020a483179b0 JavaThread "Service Thread" daemon [_thread_blocked, id=16072, stack(0x00000054f1500000,0x00000054f1600000)]
  0x0000020a48318840 JavaThread "C2 CompilerThread0" daemon [_thread_blocked, id=972, stack(0x00000054f1600000,0x00000054f1700000)]
  0x0000020a4831d8f0 JavaThread "C1 CompilerThread0" daemon [_thread_blocked, id=14520, stack(0x00000054f1700000,0x00000054f1800000)]
  0x0000020a4832b600 JavaThread "Sweeper thread" daemon [_thread_blocked, id=18972, stack(0x00000054f1800000,0x00000054f1900000)]
  0x0000020a4848f810 JavaThread "Notification Thread" daemon [_thread_blocked, id=4064, stack(0x00000054f1900000,0x00000054f1a00000)]
  0x0000020a484a3fe0 JavaThread "Common-Cleaner" daemon [_thread_blocked, id=22432, stack(0x00000054f1b00000,0x00000054f1c00000)]

Other Threads:
=>0x0000020a476a7110 VMThread "VM Thread" [stack: 0x00000054f1000000,0x00000054f1100000] [id=8760]
  0x0000020a48493cf0 WatcherThread [stack: 0x00000054f1a00000,0x00000054f1b00000] [id=19836]
  0x0000020a28baf370 GCTaskThread "GC Thread#0" [stack: 0x00000054f0b00000,0x00000054f0c00000] [id=13680]
  0x0000020a484dd850 GCTaskThread "GC Thread#1" [stack: 0x00000054f1c00000,0x00000054f1d00000] [id=18384]
  0x0000020a484de1e0 GCTaskThread "GC Thread#2" [stack: 0x00000054f1d00000,0x00000054f1e00000] [id=6772]
  0x0000020a28bc19b0 ConcurrentGCThread "G1 Main Marker" [stack: 0x00000054f0c00000,0x00000054f0d00000] [id=19284]
  0x0000020a28bc25a0 ConcurrentGCThread "G1 Conc#0" [stack: 0x00000054f0d00000,0x00000054f0e00000] [id=8032]
  0x0000020a484e0b50 ConcurrentGCThread "G1 Conc#1" [stack: 0x00000054f1e00000,0x00000054f1f00000] [id=21544]
  0x0000020a28c4a780 ConcurrentGCThread "G1 Refine#0" [stack: 0x00000054f0e00000,0x00000054f0f00000] [id=21204]
  0x0000020a28c4b380 ConcurrentGCThread "G1 Young RemSet Sampling" [stack: 0x00000054f0f00000,0x00000054f1000000] [id=20640]

Threads with active compile tasks:

VM state: at safepoint (normal execution)

VM Mutex/Monitor currently owned by a thread:  ([mutex/lock_event])
[0x0000020a28b6bf40] Threads_lock - owner thread: 0x0000020a476a7110
[0x0000020a28b6cb10] Heap_lock - owner thread: 0x0000020a28b6f2b0

Heap address: 0x0000000081600000, size: 2026 MB, Compressed Oops mode: 32-bit
CDS disabled.
Compressed class space mapped at: 0x0000000100000000-0x0000000140000000, size: 1073741824
Narrow klass base: 0x0000000000000000, Narrow klass shift: 3, Narrow klass range: 0x140000000

GC Precious Log:
 CPUs: 8 total, 8 available
 Memory: 8103M
 Large Page Support: Disabled
 NUMA Support: Disabled
 Compressed Oops: Enabled (32-bit)
 Heap Region Size: 1M
 Heap Min Capacity: 8M
 Heap Initial Capacity: 128M
 Heap Max Capacity: 2026M
 Pre-touch: Disabled
 Parallel Workers: 8
 Concurrent Workers: 2
 Concurrent Refinement Workers: 8
 Periodic GC: Disabled

Heap:
 garbage-first heap   total 131072K, used 629K [0x0000000081600000, 0x0000000100000000)
  region size 1024K, 1 young (1024K), 1 survivors (1024K)
 Metaspace       used 4926K, capacity 4942K, committed 5120K, reserved 1077248K
  class space    used 378K, capacity 386K, committed 512K, reserved 1048576K

Heap Regions: E=young(eden), S=young(survivor), O=old, HS=humongous(starts), HC=humongous(continues), CS=collection set, F=free, OA=open archive, CA=closed archive, TAMS=top-at-mark-start (previous, next)
|   0|0x0000000081600000, 0x0000000081600000, 0x0000000081700000|  0%| F|  |TAMS 0x0000000081600000, 0x0000000081600000| Untracked 
|   1|0x0000000081700000, 0x0000000081700000, 0x0000000081800000|  0%| F|  |TAMS 0x0000000081700000, 0x0000000081700000| Untracked 
|   2|0x0000000081800000, 0x0000000081800000, 0x0000000081900000|  0%| F|  |TAMS 0x0000000081800000, 0x0000000081800000| Untracked 
|   3|0x0000000081900000, 0x0000000081900000, 0x0000000081a00000|  0%| F|  |TAMS 0x0000000081900000, 0x0000000081900000| Untracked 
|   4|0x0000000081a00000, 0x0000000081a00000, 0x0000000081b00000|  0%| F|  |TAMS 0x0000000081a00000, 0x0000000081a00000| Untracked 
|   5|0x0000000081b00000, 0x0000000081b00000, 0x0000000081c00000|  0%| F|  |TAMS 0x0000000081b00000, 0x0000000081b00000| Untracked 
|   6|0x0000000081c00000, 0x0000000081c00000, 0x0000000081d00000|  0%| F|  |TAMS 0x0000000081c00000, 0x0000000081c00000| Untracked 
|   7|0x0000000081d00000, 0x0000000081d00000, 0x0000000081e00000|  0%| F|  |TAMS 0x0000000081d00000, 0x0000000081d00000| Untracked 
|   8|0x0000000081e00000, 0x0000000081e00000, 0x0000000081f00000|  0%| F|  |TAMS 0x0000000081e00000, 0x0000000081e00000| Untracked 
|   9|0x0000000081f00000, 0x0000000081f00000, 0x0000000082000000|  0%| F|  |TAMS 0x0000000081f00000, 0x0000000081f00000| Untracked 
|  10|0x0000000082000000, 0x0000000082000000, 0x0000000082100000|  0%| F|  |TAMS 0x0000000082000000, 0x0000000082000000| Untracked 
|  11|0x0000000082100000, 0x0000000082100000, 0x0000000082200000|  0%| F|  |TAMS 0x0000000082100000, 0x0000000082100000| Untracked 
|  12|0x0000000082200000, 0x0000000082200000, 0x0000000082300000|  0%| F|  |TAMS 0x0000000082200000, 0x0000000082200000| Untracked 
|  13|0x0000000082300000, 0x0000000082300000, 0x0000000082400000|  0%| F|  |TAMS 0x0000000082300000, 0x0000000082300000| Untracked 
|  14|0x0000000082400000, 0x0000000082400000, 0x0000000082500000|  0%| F|  |TAMS 0x0000000082400000, 0x0000000082400000| Untracked 
|  15|0x0000000082500000, 0x0000000082500000, 0x0000000082600000|  0%| F|  |TAMS 0x0000000082500000, 0x0000000082500000| Untracked 
|  16|0x0000000082600000, 0x0000000082600000, 0x0000000082700000|  0%| F|  |TAMS 0x0000000082600000, 0x0000000082600000| Untracked 
|  17|0x0000000082700000, 0x0000000082700000, 0x0000000082800000|  0%| F|  |TAMS 0x0000000082700000, 0x0000000082700000| Untracked 
|  18|0x0000000082800000, 0x0000000082800000, 0x0000000082900000|  0%| F|  |TAMS 0x0000000082800000, 0x0000000082800000| Untracked 
|  19|0x0000000082900000, 0x0000000082900000, 0x0000000082a00000|  0%| F|  |TAMS 0x0000000082900000, 0x0000000082900000| Untracked 
|  20|0x0000000082a00000, 0x0000000082a00000, 0x0000000082b00000|  0%| F|  |TAMS 0x0000000082a00000, 0x0000000082a00000| Untracked 
|  21|0x0000000082b00000, 0x0000000082b00000, 0x0000000082c00000|  0%| F|  |TAMS 0x0000000082b00000, 0x0000000082b00000| Untracked 
|  22|0x0000000082c00000, 0x0000000082c00000, 0x0000000082d00000|  0%| F|  |TAMS 0x0000000082c00000, 0x0000000082c00000| Untracked 
|  23|0x0000000082d00000, 0x0000000082d00000, 0x0000000082e00000|  0%| F|  |TAMS 0x0000000082d00000, 0x0000000082d00000| Untracked 
|  24|0x0000000082e00000, 0x0000000082e00000, 0x0000000082f00000|  0%| F|  |TAMS 0x0000000082e00000, 0x0000000082e00000| Untracked 
|  25|0x0000000082f00000, 0x0000000082f00000, 0x0000000083000000|  0%| F|  |TAMS 0x0000000082f00000, 0x0000000082f00000| Untracked 
|  26|0x0000000083000000, 0x0000000083000000, 0x0000000083100000|  0%| F|  |TAMS 0x0000000083000000, 0x0000000083000000| Untracked 
|  27|0x0000000083100000, 0x0000000083100000, 0x0000000083200000|  0%| F|  |TAMS 0x0000000083100000, 0x0000000083100000| Untracked 
|  28|0x0000000083200000, 0x0000000083200000, 0x0000000083300000|  0%| F|  |TAMS 0x0000000083200000, 0x0000000083200000| Untracked 
|  29|0x0000000083300000, 0x0000000083300000, 0x0000000083400000|  0%| F|  |TAMS 0x0000000083300000, 0x0000000083300000| Untracked 
|  30|0x0000000083400000, 0x0000000083400000, 0x0000000083500000|  0%| F|  |TAMS 0x0000000083400000, 0x0000000083400000| Untracked 
|  31|0x0000000083500000, 0x0000000083500000, 0x0000000083600000|  0%| F|  |TAMS 0x0000000083500000, 0x0000000083500000| Untracked 
|  32|0x0000000083600000, 0x0000000083600000, 0x0000000083700000|  0%| F|  |TAMS 0x0000000083600000, 0x0000000083600000| Untracked 
|  33|0x0000000083700000, 0x0000000083700000, 0x0000000083800000|  0%| F|  |TAMS 0x0000000083700000, 0x0000000083700000| Untracked 
|  34|0x0000000083800000, 0x0000000083800000, 0x0000000083900000|  0%| F|  |TAMS 0x0000000083800000, 0x0000000083800000| Untracked 
|  35|0x0000000083900000, 0x0000000083900000, 0x0000000083a00000|  0%| F|  |TAMS 0x0000000083900000, 0x0000000083900000| Untracked 
|  36|0x0000000083a00000, 0x0000000083a00000, 0x0000000083b00000|  0%| F|  |TAMS 0x0000000083a00000, 0x0000000083a00000| Untracked 
|  37|0x0000000083b00000, 0x0000000083b00000, 0x0000000083c00000|  0%| F|  |TAMS 0x0000000083b00000, 0x0000000083b00000| Untracked 
|  38|0x0000000083c00000, 0x0000000083c00000, 0x0000000083d00000|  0%| F|  |TAMS 0x0000000083c00000, 0x0000000083c00000| Untracked 
|  39|0x0000000083d00000, 0x0000000083d00000, 0x0000000083e00000|  0%| F|  |TAMS 0x0000000083d00000, 0x0000000083d00000| Untracked 
|  40|0x0000000083e00000, 0x0000000083e00000, 0x0000000083f00000|  0%| F|  |TAMS 0x0000000083e00000, 0x0000000083e00000| Untracked 
|  41|0x0000000083f00000, 0x0000000083f00000, 0x0000000084000000|  0%| F|  |TAMS 0x0000000083f00000, 0x0000000083f00000| Untracked 
|  42|0x0000000084000000, 0x0000000084000000, 0x0000000084100000|  0%| F|  |TAMS 0x0000000084000000, 0x0000000084000000| Untracked 
|  43|0x0000000084100000, 0x0000000084100000, 0x0000000084200000|  0%| F|  |TAMS 0x0000000084100000, 0x0000000084100000| Untracked 
|  44|0x0000000084200000, 0x0000000084200000, 0x0000000084300000|  0%| F|  |TAMS 0x0000000084200000, 0x0000000084200000| Untracked 
|  45|0x0000000084300000, 0x0000000084300000, 0x0000000084400000|  0%| F|  |TAMS 0x0000000084300000, 0x0000000084300000| Untracked 
|  46|0x0000000084400000, 0x0000000084400000, 0x0000000084500000|  0%| F|  |TAMS 0x0000000084400000, 0x0000000084400000| Untracked 
|  47|0x0000000084500000, 0x0000000084500000, 0x0000000084600000|  0%| F|  |TAMS 0x0000000084500000, 0x0000000084500000| Untracked 
|  48|0x0000000084600000, 0x0000000084600000, 0x0000000084700000|  0%| F|  |TAMS 0x0000000084600000, 0x0000000084600000| Untracked 
|  49|0x0000000084700000, 0x0000000084700000, 0x0000000084800000|  0%| F|  |TAMS 0x0000000084700000, 0x0000000084700000| Untracked 
|  50|0x0000000084800000, 0x0000000084800000, 0x0000000084900000|  0%| F|  |TAMS 0x0000000084800000, 0x0000000084800000| Untracked 
|  51|0x0000000084900000, 0x0000000084900000, 0x0000000084a00000|  0%| F|  |TAMS 0x0000000084900000, 0x0000000084900000| Untracked 
|  52|0x0000000084a00000, 0x0000000084a00000, 0x0000000084b00000|  0%| F|  |TAMS 0x0000000084a00000, 0x0000000084a00000| Untracked 
|  53|0x0000000084b00000, 0x0000000084b00000, 0x0000000084c00000|  0%| F|  |TAMS 0x0000000084b00000, 0x0000000084b00000| Untracked 
|  54|0x0000000084c00000, 0x0000000084c00000, 0x0000000084d00000|  0%| F|  |TAMS 0x0000000084c00000, 0x0000000084c00000| Untracked 
|  55|0x0000000084d00000, 0x0000000084d00000, 0x0000000084e00000|  0%| F|  |TAMS 0x0000000084d00000, 0x0000000084d00000| Untracked 
|  56|0x0000000084e00000, 0x0000000084e00000, 0x0000000084f00000|  0%| F|  |TAMS 0x0000000084e00000, 0x0000000084e00000| Untracked 
|  57|0x0000000084f00000, 0x0000000084f00000, 0x0000000085000000|  0%| F|  |TAMS 0x0000000084f00000, 0x0000000084f00000| Untracked 
|  58|0x0000000085000000, 0x0000000085000000, 0x0000000085100000|  0%| F|  |TAMS 0x0000000085000000, 0x0000000085000000| Untracked 
|  59|0x0000000085100000, 0x0000000085100000, 0x0000000085200000|  0%| F|  |TAMS 0x0000000085100000, 0x0000000085100000| Untracked 
|  60|0x0000000085200000, 0x0000000085200000, 0x0000000085300000|  0%| F|  |TAMS 0x0000000085200000, 0x0000000085200000| Untracked 
|  61|0x0000000085300000, 0x0000000085300000, 0x0000000085400000|  0%| F|  |TAMS 0x0000000085300000, 0x0000000085300000| Untracked 
|  62|0x0000000085400000, 0x0000000085400000, 0x0000000085500000|  0%| F|  |TAMS 0x0000000085400000, 0x0000000085400000| Untracked 
|  63|0x0000000085500000, 0x0000000085500000, 0x0000000085600000|  0%| F|  |TAMS 0x0000000085500000, 0x0000000085500000| Untracked 
|  64|0x0000000085600000, 0x0000000085600000, 0x0000000085700000|  0%| F|  |TAMS 0x0000000085600000, 0x0000000085600000| Untracked 
|  65|0x0000000085700000, 0x0000000085700000, 0x0000000085800000|  0%| F|  |TAMS 0x0000000085700000, 0x0000000085700000| Untracked 
|  66|0x0000000085800000, 0x0000000085800000, 0x0000000085900000|  0%| F|  |TAMS 0x0000000085800000, 0x0000000085800000| Untracked 
|  67|0x0000000085900000, 0x0000000085900000, 0x0000000085a00000|  0%| F|  |TAMS 0x0000000085900000, 0x0000000085900000| Untracked 
|  68|0x0000000085a00000, 0x0000000085a00000, 0x0000000085b00000|  0%| F|  |TAMS 0x0000000085a00000, 0x0000000085a00000| Untracked 
|  69|0x0000000085b00000, 0x0000000085b00000, 0x0000000085c00000|  0%| F|  |TAMS 0x0000000085b00000, 0x0000000085b00000| Untracked 
|  70|0x0000000085c00000, 0x0000000085c00000, 0x0000000085d00000|  0%| F|  |TAMS 0x0000000085c00000, 0x0000000085c00000| Untracked 
|  71|0x0000000085d00000, 0x0000000085d00000, 0x0000000085e00000|  0%| F|  |TAMS 0x0000000085d00000, 0x0000000085d00000| Untracked 
|  72|0x0000000085e00000, 0x0000000085e00000, 0x0000000085f00000|  0%| F|  |TAMS 0x0000000085e00000, 0x0000000085e00000| Untracked 
|  73|0x0000000085f00000, 0x0000000085f00000, 0x0000000086000000|  0%| F|  |TAMS 0x0000000085f00000, 0x0000000085f00000| Untracked 
|  74|0x0000000086000000, 0x0000000086000000, 0x0000000086100000|  0%| F|  |TAMS 0x0000000086000000, 0x0000000086000000| Untracked 
|  75|0x0000000086100000, 0x0000000086100000, 0x0000000086200000|  0%| F|  |TAMS 0x0000000086100000, 0x0000000086100000| Untracked 
|  76|0x0000000086200000, 0x0000000086200000, 0x0000000086300000|  0%| F|  |TAMS 0x0000000086200000, 0x0000000086200000| Untracked 
|  77|0x0000000086300000, 0x0000000086300000, 0x0000000086400000|  0%| F|  |TAMS 0x0000000086300000, 0x0000000086300000| Untracked 
|  78|0x0000000086400000, 0x0000000086400000, 0x0000000086500000|  0%| F|  |TAMS 0x0000000086400000, 0x0000000086400000| Untracked 
|  79|0x0000000086500000, 0x0000000086500000, 0x0000000086600000|  0%| F|  |TAMS 0x0000000086500000, 0x0000000086500000| Untracked 
|  80|0x0000000086600000, 0x0000000086600000, 0x0000000086700000|  0%| F|  |TAMS 0x0000000086600000, 0x0000000086600000| Untracked 
|  81|0x0000000086700000, 0x0000000086700000, 0x0000000086800000|  0%| F|  |TAMS 0x0000000086700000, 0x0000000086700000| Untracked 
|  82|0x0000000086800000, 0x0000000086800000, 0x0000000086900000|  0%| F|  |TAMS 0x0000000086800000, 0x0000000086800000| Untracked 
|  83|0x0000000086900000, 0x0000000086900000, 0x0000000086a00000|  0%| F|  |TAMS 0x0000000086900000, 0x0000000086900000| Untracked 
|  84|0x0000000086a00000, 0x0000000086a00000, 0x0000000086b00000|  0%| F|  |TAMS 0x0000000086a00000, 0x0000000086a00000| Untracked 
|  85|0x0000000086b00000, 0x0000000086b00000, 0x0000000086c00000|  0%| F|  |TAMS 0x0000000086b00000, 0x0000000086b00000| Untracked 
|  86|0x0000000086c00000, 0x0000000086c00000, 0x0000000086d00000|  0%| F|  |TAMS 0x0000000086c00000, 0x0000000086c00000| Untracked 
|  87|0x0000000086d00000, 0x0000000086d00000, 0x0000000086e00000|  0%| F|  |TAMS 0x0000000086d00000, 0x0000000086d00000| Untracked 
|  88|0x0000000086e00000, 0x0000000086e00000, 0x0000000086f00000|  0%| F|  |TAMS 0x0000000086e00000, 0x0000000086e00000| Untracked 
|  89|0x0000000086f00000, 0x0000000086f00000, 0x0000000087000000|  0%| F|  |TAMS 0x0000000086f00000, 0x0000000086f00000| Untracked 
|  90|0x0000000087000000, 0x0000000087000000, 0x0000000087100000|  0%| F|  |TAMS 0x0000000087000000, 0x0000000087000000| Untracked 
|  91|0x0000000087100000, 0x0000000087100000, 0x0000000087200000|  0%| F|  |TAMS 0x0000000087100000, 0x0000000087100000| Untracked 
|  92|0x0000000087200000, 0x0000000087200000, 0x0000000087300000|  0%| F|  |TAMS 0x0000000087200000, 0x0000000087200000| Untracked 
|  93|0x0000000087300000, 0x0000000087300000, 0x0000000087400000|  0%| F|  |TAMS 0x0000000087300000, 0x0000000087300000| Untracked 
|  94|0x0000000087400000, 0x0000000087400000, 0x0000000087500000|  0%| F|  |TAMS 0x0000000087400000, 0x0000000087400000| Untracked 
|  95|0x0000000087500000, 0x0000000087500000, 0x0000000087600000|  0%| F|  |TAMS 0x0000000087500000, 0x0000000087500000| Untracked 
|  96|0x0000000087600000, 0x0000000087600000, 0x0000000087700000|  0%| F|  |TAMS 0x0000000087600000, 0x0000000087600000| Untracked 
|  97|0x0000000087700000, 0x0000000087700000, 0x0000000087800000|  0%| F|  |TAMS 0x0000000087700000, 0x0000000087700000| Untracked 
|  98|0x0000000087800000, 0x0000000087800000, 0x0000000087900000|  0%| F|  |TAMS 0x0000000087800000, 0x0000000087800000| Untracked 
|  99|0x0000000087900000, 0x0000000087900000, 0x0000000087a00000|  0%| F|  |TAMS 0x0000000087900000, 0x0000000087900000| Untracked 
| 100|0x0000000087a00000, 0x0000000087a00000, 0x0000000087b00000|  0%| F|  |TAMS 0x0000000087a00000, 0x0000000087a00000| Untracked 
| 101|0x0000000087b00000, 0x0000000087b00000, 0x0000000087c00000|  0%| F|  |TAMS 0x0000000087b00000, 0x0000000087b00000| Untracked 
| 102|0x0000000087c00000, 0x0000000087c00000, 0x0000000087d00000|  0%| F|  |TAMS 0x0000000087c00000, 0x0000000087c00000| Untracked 
| 103|0x0000000087d00000, 0x0000000087d00000, 0x0000000087e00000|  0%| F|  |TAMS 0x0000000087d00000, 0x0000000087d00000| Untracked 
| 104|0x0000000087e00000, 0x0000000087e00000, 0x0000000087f00000|  0%| F|  |TAMS 0x0000000087e00000, 0x0000000087e00000| Untracked 
| 105|0x0000000087f00000, 0x0000000087f00000, 0x0000000088000000|  0%| F|  |TAMS 0x0000000087f00000, 0x0000000087f00000| Untracked 
| 106|0x0000000088000000, 0x0000000088000000, 0x0000000088100000|  0%| F|  |TAMS 0x0000000088000000, 0x0000000088000000| Untracked 
| 107|0x0000000088100000, 0x0000000088100000, 0x0000000088200000|  0%| F|  |TAMS 0x0000000088100000, 0x0000000088100000| Untracked 
| 108|0x0000000088200000, 0x0000000088200000, 0x0000000088300000|  0%| F|  |TAMS 0x0000000088200000, 0x0000000088200000| Untracked 
| 109|0x0000000088300000, 0x0000000088300000, 0x0000000088400000|  0%| F|  |TAMS 0x0000000088300000, 0x0000000088300000| Untracked 
| 110|0x0000000088400000, 0x0000000088400000, 0x0000000088500000|  0%| F|  |TAMS 0x0000000088400000, 0x0000000088400000| Untracked 
| 111|0x0000000088500000, 0x0000000088500000, 0x0000000088600000|  0%| F|  |TAMS 0x0000000088500000, 0x0000000088500000| Untracked 
| 112|0x0000000088600000, 0x0000000088600000, 0x0000000088700000|  0%| F|  |TAMS 0x0000000088600000, 0x0000000088600000| Untracked 
| 113|0x0000000088700000, 0x0000000088700000, 0x0000000088800000|  0%| F|  |TAMS 0x0000000088700000, 0x0000000088700000| Untracked 
| 114|0x0000000088800000, 0x0000000088800000, 0x0000000088900000|  0%| F|  |TAMS 0x0000000088800000, 0x0000000088800000| Untracked 
| 115|0x0000000088900000, 0x0000000088900000, 0x0000000088a00000|  0%| F|  |TAMS 0x0000000088900000, 0x0000000088900000| Untracked 
| 116|0x0000000088a00000, 0x0000000088a00000, 0x0000000088b00000|  0%| F|  |TAMS 0x0000000088a00000, 0x0000000088a00000| Untracked 
| 117|0x0000000088b00000, 0x0000000088b00000, 0x0000000088c00000|  0%| F|  |TAMS 0x0000000088b00000, 0x0000000088b00000| Untracked 
| 118|0x0000000088c00000, 0x0000000088c00000, 0x0000000088d00000|  0%| F|  |TAMS 0x0000000088c00000, 0x0000000088c00000| Untracked 
| 119|0x0000000088d00000, 0x0000000088d00000, 0x0000000088e00000|  0%| F|  |TAMS 0x0000000088d00000, 0x0000000088d00000| Untracked 
| 120|0x0000000088e00000, 0x0000000088e00000, 0x0000000088f00000|  0%| F|  |TAMS 0x0000000088e00000, 0x0000000088e00000| Untracked 
| 121|0x0000000088f00000, 0x0000000088f00000, 0x0000000089000000|  0%| F|  |TAMS 0x0000000088f00000, 0x0000000088f00000| Untracked 
| 122|0x0000000089000000, 0x0000000089000000, 0x0000000089100000|  0%| F|  |TAMS 0x0000000089000000, 0x0000000089000000| Untracked 
| 123|0x0000000089100000, 0x0000000089100000, 0x0000000089200000|  0%| F|  |TAMS 0x0000000089100000, 0x0000000089100000| Untracked 
| 124|0x0000000089200000, 0x0000000089200000, 0x0000000089300000|  0%| F|  |TAMS 0x0000000089200000, 0x0000000089200000| Untracked 
| 125|0x0000000089300000, 0x000000008939d4a0, 0x0000000089400000| 61%| S|CS|TAMS 0x0000000089300000, 0x0000000089300000| Complete 
| 126|0x0000000089400000, 0x0000000089400000, 0x0000000089500000|  0%| F|  |TAMS 0x0000000089400000, 0x0000000089400000| Untracked 
| 127|0x0000000089500000, 0x0000000089500000, 0x0000000089600000|  0%| F|  |TAMS 0x0000000089500000, 0x0000000089500000| Untracked 

Card table byte_map: [0x0000020a404e0000,0x0000020a408e0000] _byte_map_base: 0x0000020a400d5000

Marking Bits (Prev, Next): (CMBitMap*) 0x0000020a28bb0b70, (CMBitMap*) 0x0000020a28bb0bb0
 Prev Bits: [0x0000020a40ce0000, 0x0000020a42c88000)
 Next Bits: [0x0000020a42c90000, 0x0000020a44c38000)

Polling page: 0x0000020a26b70000

Metaspace:

Usage:
  Non-class:      4.45 MB capacity,     4.44 MB (>99%) used,     3.79 KB ( <1%) free+waste,     4.62 KB ( <1%) overhead. 
      Class:    386.00 KB capacity,   378.42 KB ( 98%) used,     7.45 KB (  2%) free+waste,   128 bytes ( <1%) overhead. 
       Both:      4.83 MB capacity,     4.81 MB (>99%) used,    11.24 KB ( <1%) free+waste,     4.75 KB ( <1%) overhead. 

Virtual space:
  Non-class space:       28.00 MB reserved,       4.50 MB ( 16%) committed 
      Class space:        1.00 GB reserved,     512.00 KB ( <1%) committed 
             Both:        1.03 GB reserved,       5.00 MB ( <1%) committed 

Chunk freelists:
   Non-Class:  52.00 KB
       Class:  0 bytes
        Both:  52.00 KB

MaxMetaspaceSize: 17179869184.00 GB
CompressedClassSpaceSize: 1.00 GB

CodeHeap 'non-profiled nmethods': size=120000Kb used=23Kb max_used=23Kb free=119976Kb
 bounds [0x0000020a38880000, 0x0000020a38af0000, 0x0000020a3fdb0000]
CodeHeap 'profiled nmethods': size=120000Kb used=87Kb max_used=87Kb free=119912Kb
 bounds [0x0000020a31350000, 0x0000020a315c0000, 0x0000020a38880000]
CodeHeap 'non-nmethods': size=5760Kb used=1084Kb max_used=1084Kb free=4675Kb
 bounds [0x0000020a30db0000, 0x0000020a31020000, 0x0000020a31350000]
 total_blobs=398 nmethods=81 adapters=230
 compilation: enabled
              stopped_count=0, restarted_count=0
 full_count=0

Compilation events (20 events):
Event: 0.147 Thread 0x0000020a48318840   64       4       java.lang.String::hashCode (60 bytes)
Event: 0.147 Thread 0x0000020a4831d8f0   65       3       java.util.ImmutableCollections$SetN::iterator (9 bytes)
Event: 0.147 Thread 0x0000020a4831d8f0 nmethod 65 0x0000020a31364210 code [0x0000020a313643c0, 0x0000020a31364548]
Event: 0.147 Thread 0x0000020a4831d8f0   67       3       java.util.ImmutableCollections$Set12$1::next (95 bytes)
Event: 0.147 Thread 0x0000020a4831d8f0 nmethod 67 0x0000020a31364610 code [0x0000020a313647c0, 0x0000020a31364a28]
Event: 0.147 Thread 0x0000020a4831d8f0   66       3       java.util.ImmutableCollections$SetN$SetNIterator::<init> (36 bytes)
Event: 0.148 Thread 0x0000020a4831d8f0 nmethod 66 0x0000020a31364b10 code [0x0000020a31364cc0, 0x0000020a31364eb8]
Event: 0.153 Thread 0x0000020a48318840 nmethod 64 0x0000020a38883790 code [0x0000020a38883920, 0x0000020a38883b78]
Event: 0.158 Thread 0x0000020a4831d8f0   68       3       java.lang.AbstractStringBuilder::ensureCapacityInternal (39 bytes)
Event: 0.158 Thread 0x0000020a4831d8f0 nmethod 68 0x0000020a31364f90 code [0x0000020a31365140, 0x0000020a31365358]
Event: 0.176 Thread 0x0000020a4831d8f0   71       3       java.lang.StringLatin1::canEncode (13 bytes)
Event: 0.176 Thread 0x0000020a4831d8f0 nmethod 71 0x0000020a31365490 code [0x0000020a31365620, 0x0000020a31365758]
Event: 0.179 Thread 0x0000020a4831d8f0   75       1       java.lang.Class::getClassLoader0 (5 bytes)
Event: 0.179 Thread 0x0000020a4831d8f0 nmethod 75 0x0000020a38884d10 code [0x0000020a38884ea0, 0x0000020a38884f58]
Event: 0.180 Thread 0x0000020a4831d8f0   76       3       java.lang.Math::min (11 bytes)
Event: 0.181 Thread 0x0000020a4831d8f0 nmethod 76 0x0000020a31365810 code [0x0000020a313659a0, 0x0000020a31365ad8]
Event: 0.182 Thread 0x0000020a4831d8f0   77       1       java.lang.Enum::ordinal (5 bytes)
Event: 0.182 Thread 0x0000020a4831d8f0 nmethod 77 0x0000020a38885010 code [0x0000020a388851a0, 0x0000020a38885258]
Event: 0.185 Thread 0x0000020a4831d8f0   79       3       java.util.AbstractMap::<init> (5 bytes)
Event: 0.185 Thread 0x0000020a4831d8f0 nmethod 79 0x0000020a31365b90 code [0x0000020a31365d20, 0x0000020a31365e78]

GC Heap History (2 events):
Event: 0.190 GC heap before
{Heap before GC invocations=0 (full 0):
 garbage-first heap   total 131072K, used 1024K [0x0000000081600000, 0x0000000100000000)
  region size 1024K, 2 young (2048K), 0 survivors (0K)
 Metaspace       used 4926K, capacity 4942K, committed 5120K, reserved 1075200K
  class space    used 378K, capacity 386K, committed 512K, reserved 1048576K
}
Event: 0.192 GC heap after
{Heap after GC invocations=1 (full 0):
 garbage-first heap   total 131072K, used 629K [0x0000000081600000, 0x0000000100000000)
  region size 1024K, 1 young (1024K), 1 survivors (1024K)
 Metaspace       used 4926K, capacity 4942K, committed 5120K, reserved 1075200K
  class space    used 378K, capacity 386K, committed 512K, reserved 1048576K
}

Deoptimization events (4 events):
Event: 0.186 Thread 0x0000020a28b6f2b0 Uncommon trap: trap_request=0xffffff45 fr.pc=0x0000020a38883b3c relative=0x000000000000021c
Event: 0.186 Thread 0x0000020a28b6f2b0 Uncommon trap: reason=unstable_if action=reinterpret pc=0x0000020a38883b3c method=java.lang.String.hashCode()I @ 13 c2
Event: 0.186 Thread 0x0000020a28b6f2b0 DEOPT PACKING pc=0x0000020a38883b3c sp=0x00000054f0afcce0
Event: 0.186 Thread 0x0000020a28b6f2b0 DEOPT UNPACKING pc=0x0000020a30dfe42f sp=0x00000054f0afcc78 mode 2

Classes unloaded (0 events):
No events

Classes redefined (0 events):
No events

Internal exceptions (0 events):
No events

Events (20 events):
Event: 0.188 loading class java/lang/invoke/DirectMethodHandle$Accessor
Event: 0.188 loading class java/lang/invoke/DirectMethodHandle$Accessor done
Event: 0.188 loading class sun/invoke/util/Wrapper$1
Event: 0.188 loading class sun/invoke/util/Wrapper$1 done
Event: 0.188 loading class java/lang/invoke/MethodHandleImpl$IntrinsicMethodHandle
Event: 0.188 loading class java/lang/invoke/DelegatingMethodHandle
Event: 0.188 loading class java/lang/invoke/DelegatingMethodHandle done
Event: 0.188 loading class java/lang/invoke/MethodHandleImpl$IntrinsicMethodHandle done
Event: 0.188 loading class java/lang/invoke/DelegatingMethodHandle$Holder
Event: 0.188 loading class java/lang/invoke/DelegatingMethodHandle$Holder done
Event: 0.189 loading class java/lang/invoke/LambdaFormEditor
Event: 0.189 loading class java/lang/invoke/LambdaFormEditor done
Event: 0.189 loading class java/lang/invoke/LambdaFormEditor$TransformKey
Event: 0.189 loading class java/lang/invoke/LambdaFormEditor$TransformKey done
Event: 0.189 loading class java/lang/invoke/LambdaFormBuffer
Event: 0.190 loading class java/lang/invoke/LambdaFormBuffer done
Event: 0.190 loading class java/lang/invoke/LambdaFormEditor$Transform
Event: 0.190 loading class java/lang/invoke/LambdaFormEditor$Transform done
Event: 0.190 loading class jdk/internal/org/objectweb/asm/Frame
Event: 0.190 Executing VM operation: CollectForMetadataAllocation


Dynamic libraries:
0x00007ff7553f0000 - 0x00007ff7553ff000 	C:\Program Files\Java\jdk-15.0.2\bin\javaw.exe
0x00007ff87bbd0000 - 0x00007ff87bdc8000 	C:\WINDOWS\SYSTEM32\ntdll.dll
0x00007ff879f30000 - 0x00007ff879fed000 	C:\WINDOWS\System32\KERNEL32.DLL
0x00007ff879620000 - 0x00007ff8798ee000 	C:\WINDOWS\System32\KERNELBASE.dll
0x00007ff879520000 - 0x00007ff879620000 	C:\WINDOWS\System32\ucrtbase.dll
0x00007ff837b10000 - 0x00007ff837b29000 	C:\Program Files\Java\jdk-15.0.2\bin\VCRUNTIME140.dll
0x00007ff83d740000 - 0x00007ff83d758000 	C:\Program Files\Java\jdk-15.0.2\bin\jli.dll
0x00007ff879ff0000 - 0x00007ff87a09e000 	C:\WINDOWS\System32\ADVAPI32.dll
0x00007ff87abd0000 - 0x00007ff87ac6e000 	C:\WINDOWS\System32\msvcrt.dll
0x00007ff879cd0000 - 0x00007ff879d6c000 	C:\WINDOWS\System32\sechost.dll
0x00007ff87ac70000 - 0x00007ff87ad95000 	C:\WINDOWS\System32\RPCRT4.dll
0x00007ff87a2c0000 - 0x00007ff87a460000 	C:\WINDOWS\System32\USER32.dll
0x00007ff879b60000 - 0x00007ff879b82000 	C:\WINDOWS\System32\win32u.dll
0x00007ff878700000 - 0x00007ff87899a000 	C:\WINDOWS\WinSxS\amd64_microsoft.windows.common-controls_6595b64144ccf1df_6.0.19041.1110_none_60b5254171f9507e\COMCTL32.dll
0x00007ff87b6a0000 - 0x00007ff87b6ca000 	C:\WINDOWS\System32\GDI32.dll
0x00007ff879a50000 - 0x00007ff879b5b000 	C:\WINDOWS\System32\gdi32full.dll
0x00007ff879b90000 - 0x00007ff879c2d000 	C:\WINDOWS\System32\msvcp_win.dll
0x00007ff8734a0000 - 0x00007ff8734aa000 	C:\WINDOWS\SYSTEM32\VERSION.dll
0x00007ff87a180000 - 0x00007ff87a1b0000 	C:\WINDOWS\System32\IMM32.DLL
0x00007ff85b770000 - 0x00007ff85b77c000 	C:\Program Files\Java\jdk-15.0.2\bin\vcruntime140_1.dll
0x00007ff832210000 - 0x00007ff8322a1000 	C:\Program Files\Java\jdk-15.0.2\bin\msvcp140.dll
0x00007fffe4930000 - 0x00007fffe548e000 	C:\Program Files\Java\jdk-15.0.2\bin\server\jvm.dll
0x00007ff879cc0000 - 0x00007ff879cc8000 	C:\WINDOWS\System32\PSAPI.DLL
0x00007ff860ff0000 - 0x00007ff861017000 	C:\WINDOWS\SYSTEM32\WINMM.dll
0x00007ff85a170000 - 0x00007ff85a179000 	C:\WINDOWS\SYSTEM32\WSOCK32.dll
0x00007ff87b210000 - 0x00007ff87b27b000 	C:\WINDOWS\System32\WS2_32.dll
0x00007ff877530000 - 0x00007ff877542000 	C:\WINDOWS\SYSTEM32\kernel.appcore.dll
0x00007ff853d20000 - 0x00007ff853d2a000 	C:\Program Files\Java\jdk-15.0.2\bin\jimage.dll
0x00007ff878d20000 - 0x00007ff878f04000 	C:\WINDOWS\SYSTEM32\DBGHELP.DLL
0x00007ff878ad0000 - 0x00007ff878afc000 	C:\WINDOWS\SYSTEM32\dbgcore.DLL
0x00007ff8793f0000 - 0x00007ff879472000 	C:\WINDOWS\System32\bcryptPrimitives.dll
0x00007ff837ae0000 - 0x00007ff837b05000 	C:\Program Files\Java\jdk-15.0.2\bin\java.dll
0x00007ff87a480000 - 0x00007ff87abc4000 	C:\WINDOWS\System32\SHELL32.dll
0x00007ff876d80000 - 0x00007ff877514000 	C:\WINDOWS\SYSTEM32\windows.storage.dll
0x00007ff87b290000 - 0x00007ff87b5e4000 	C:\WINDOWS\System32\combase.dll
0x00007ff878660000 - 0x00007ff878690000 	C:\WINDOWS\SYSTEM32\Wldp.dll
0x00007ff87a210000 - 0x00007ff87a2bd000 	C:\WINDOWS\System32\SHCORE.dll
0x00007ff87bb30000 - 0x00007ff87bb85000 	C:\WINDOWS\System32\shlwapi.dll
0x00007ff879230000 - 0x00007ff87924f000 	C:\WINDOWS\SYSTEM32\profapi.dll

dbghelp: loaded successfully - version: 4.0.5 - missing functions: none
symbol engine: initialized successfully - sym options: 0x614 - pdb path: .;C:\Program Files\Java\jdk-15.0.2\bin;C:\WINDOWS\SYSTEM32;C:\WINDOWS\WinSxS\amd64_microsoft.windows.common-controls_6595b64144ccf1df_6.0.19041.1110_none_60b5254171f9507e;C:\Program Files\Java\jdk-15.0.2\bin\server

VM Arguments:
jvm_args: -Dfile.encoding=Cp1252 -XX:+ShowCodeDetailsInExceptionMessages 
java_command: queue.queue_game
java_class_path (initial): E:\CB DS&ALGO\Tute\bin
Launcher Type: SUN_STANDARD

[Global flags]
     intx CICompilerCount                          = 4                                         {product} {ergonomic}
     uint ConcGCThreads                            = 2                                         {product} {ergonomic}
     uint G1ConcRefinementThreads                  = 8                                         {product} {ergonomic}
   size_t G1HeapRegionSize                         = 1048576                                   {product} {ergonomic}
    uintx GCDrainStackTargetSize                   = 64                                        {product} {ergonomic}
   size_t InitialHeapSize                          = 134217728                                 {product} {ergonomic}
   size_t MarkStackSize                            = 4194304                                   {product} {ergonomic}
   size_t MaxHeapSize                              = 2124414976                                {product} {ergonomic}
   size_t MaxNewSize                               = 1274019840                                {product} {ergonomic}
   size_t MinHeapDeltaBytes                        = 1048576                                   {product} {ergonomic}
   size_t MinHeapSize                              = 8388608                                   {product} {ergonomic}
    uintx NonNMethodCodeHeapSize                   = 5839372                                {pd product} {ergonomic}
    uintx NonProfiledCodeHeapSize                  = 122909434                              {pd product} {ergonomic}
    uintx ProfiledCodeHeapSize                     = 122909434                              {pd product} {ergonomic}
    uintx ReservedCodeCacheSize                    = 251658240                              {pd product} {ergonomic}
     bool SegmentedCodeCache                       = true                                      {product} {ergonomic}
     bool ShowCodeDetailsInExceptionMessages       = true                                   {manageable} {command line}
   size_t SoftMaxHeapSize                          = 2124414976                             {manageable} {ergonomic}
     bool UseCompressedClassPointers               = true                                 {lp64_product} {ergonomic}
     bool UseCompressedOops                        = true                                 {lp64_product} {ergonomic}
     bool UseG1GC                                  = true                                      {product} {ergonomic}
     bool UseLargePagesIndividualAllocation        = false                                  {pd product} {ergonomic}

Logging:
Log output configuration:
 #0: stdout all=warning uptime,level,tags
 #1: stderr all=off uptime,level,tags

Environment Variables:
PATH=C:\Program Files\Common Files\Oracle\Java\javapath;C:\windows\system32;C:\windows;C:\windows\System32\Wbem;C:\windows\System32\WindowsPowerShell\v1.0\;C:\windows\System32\OpenSSH\;C:\Program Files (x86)\NVIDIA Corporation\PhysX\Common;C:\WINDOWS\system32;C:\WINDOWS;C:\WINDOWS\System32\Wbem;C:\WINDOWS\System32\WindowsPowerShell\v1.0\;C:\WINDOWS\System32\OpenSSH\;C:\Program Files (x86)\nodejs\;C:\Program Files\Git\cmd;C:\Program Files\MySQL\MySQL Shell 8.0\bin\;C:\Users\Saketh\AppData\Local\Programs\Python\Python37-32\Scripts\;C:\Users\Saketh\AppData\Local\Programs\Python\Python37-32\;C:\Program Files (x86)\Java\jdk1.5.0\bin;C:\Program Files\JetBrains\PyCharm Community Edition 2019.2\bin;C:\Users\Saketh\AppData\Local\Microsoft\WindowsApps;C:\Users\Saketh\AppData\Local\Microsoft\WindowsApps;F:\Visual Studio Code\Microsoft VS Code\bin;C:\Users\Saketh\AppData\Roaming\npm;F:\flutter\bin;
USERNAME=Saketh
OS=Windows_NT
PROCESSOR_IDENTIFIER=Intel64 Family 6 Model 142 Stepping 10, GenuineIntel



---------------  S Y S T E M  ---------------

OS:
 Windows 10 , 64 bit Build 19041 (10.0.19041.1806)
OS uptime: 0 days 1:10 hours

CPU: total 8 (initial active 8) (4 cores per cpu, 2 threads per core) family 6 model 142 stepping 10 microcode 0xe0, cmov, cx8, fxsr, mmx, sse, sse2, sse3, ssse3, sse4.1, sse4.2, popcnt, vzeroupper, avx, avx2, aes, clmul, erms, 3dnowpref, lzcnt, ht, tsc, tscinvbit, bmi1, bmi2, adx, fma, clflush, clflushopt

Memory: 4k page, system-wide physical 8103M (2070M free)
TotalPageFile size 9127M (AvailPageFile size 0M)
current process WorkingSet (physical memory assigned to process): 28M, peak: 28M
current process commit charge ("private bytes"): 204M, peak: 205M

vm_info: Java HotSpot(TM) 64-Bit Server VM (15.0.2+7-27) for windows-amd64 JRE (15.0.2+7-27), built on Dec  7 2020 20:07:01 by "mach5one" with unknown MS VC++:1925

END.
